

Started GET "/assets/rails.png" for 127.0.0.1 at 2013-01-26 09:49:20 +0100
Connecting to database specified by database.yml
Served asset /rails.png - 200 OK (191ms)
Connecting to database specified by database.yml
Connecting to database specified by database.yml
  [1m[36m (0.0ms)[0m  [1mselect sqlite_version(*)[0m
  [1m[35m (117.5ms)[0m  CREATE TABLE "schema_migrations" ("version" varchar(255) NOT NULL) 
  [1m[36m (85.5ms)[0m  [1mCREATE UNIQUE INDEX "unique_schema_migrations" ON "schema_migrations" ("version")[0m
  [1m[35m (0.0ms)[0m  SELECT "schema_migrations"."version" FROM "schema_migrations" 
Migrating to CreatePublications (20130128001834)
  [1m[36m (0.0ms)[0m  [1mbegin transaction[0m
  [1m[35m (1.0ms)[0m  CREATE TABLE "publications" ("id" INTEGER PRIMARY KEY AUTOINCREMENT NOT NULL, "title" varchar(255), "content" varchar(255), "created_at" datetime NOT NULL, "updated_at" datetime NOT NULL) 
  [1m[36m (0.0ms)[0m  [1mINSERT INTO "schema_migrations" ("version") VALUES ('20130128001834')[0m
  [1m[35m (111.7ms)[0m  commit transaction
  [1m[36m (0.0ms)[0m  [1mSELECT "schema_migrations"."version" FROM "schema_migrations" [0m
Connecting to database specified by database.yml


Started GET "/publication" for 127.0.0.1 at 2013-01-28 01:27:14 +0100
Connecting to database specified by database.yml

ActionController::RoutingError (No route matches [GET] "/publication"):
  actionpack (3.2.11) lib/action_dispatch/middleware/debug_exceptions.rb:21:in `call'
  actionpack (3.2.11) lib/action_dispatch/middleware/show_exceptions.rb:56:in `call'
  railties (3.2.11) lib/rails/rack/logger.rb:32:in `call_app'
  railties (3.2.11) lib/rails/rack/logger.rb:16:in `block in call'
  activesupport (3.2.11) lib/active_support/tagged_logging.rb:22:in `tagged'
  railties (3.2.11) lib/rails/rack/logger.rb:16:in `call'
  actionpack (3.2.11) lib/action_dispatch/middleware/request_id.rb:22:in `call'
  rack (1.4.4) lib/rack/methodoverride.rb:21:in `call'
  rack (1.4.4) lib/rack/runtime.rb:17:in `call'
  activesupport (3.2.11) lib/active_support/cache/strategy/local_cache.rb:72:in `call'
  rack (1.4.4) lib/rack/lock.rb:15:in `call'
  actionpack (3.2.11) lib/action_dispatch/middleware/static.rb:62:in `call'
  railties (3.2.11) lib/rails/engine.rb:479:in `call'
  railties (3.2.11) lib/rails/application.rb:223:in `call'
  rack (1.4.4) lib/rack/content_length.rb:14:in `call'
  railties (3.2.11) lib/rails/rack/log_tailer.rb:17:in `call'
  rack (1.4.4) lib/rack/handler/webrick.rb:59:in `service'
  C:/Ruby193/lib/ruby/1.9.1/webrick/httpserver.rb:138:in `service'
  C:/Ruby193/lib/ruby/1.9.1/webrick/httpserver.rb:94:in `run'
  C:/Ruby193/lib/ruby/1.9.1/webrick/server.rb:191:in `block in start_thread'


  Rendered C:/Ruby193/lib/ruby/gems/1.9.1/gems/actionpack-3.2.11/lib/action_dispatch/middleware/templates/rescues/routing_error.erb within rescues/layout (43.9ms)


Started GET "/publications" for 127.0.0.1 at 2013-01-28 01:28:27 +0100
Processing by PublicationsController#index as HTML
  [1m[36mPublication Load (1.0ms)[0m  [1mSELECT "publications".* FROM "publications" [0m
  Rendered publications/index.html.erb within layouts/application (1.0ms)
Compiled publications.css  (44ms)  (pid 2928)
Compiled scaffolds.css  (20ms)  (pid 2928)
Compiled application.css  (181ms)  (pid 2928)
Compiled jquery.js  (5ms)  (pid 2928)
Compiled jquery_ujs.js  (1ms)  (pid 2928)
Completed 500 Internal Server Error in 2792ms

ActionView::Template::Error (
  (in D:/work/failblog/app/assets/javascripts/publications.js.coffee)):
    3: <head>
    4:   <title>Failblog</title>
    5:   <%= stylesheet_link_tag    "application", :media => "all" %>
    6:   <%= javascript_include_tag "application" %>
    7:   <%= csrf_meta_tags %>
    8: </head>
    9: <body>
  app/views/layouts/application.html.erb:6:in `_app_views_layouts_application_html_erb___661271709_30992376'
  app/controllers/publications_controller.rb:7:in `index'


  Rendered C:/Ruby193/lib/ruby/gems/1.9.1/gems/actionpack-3.2.11/lib/action_dispatch/middleware/templates/rescues/_trace.erb (1.0ms)
  Rendered C:/Ruby193/lib/ruby/gems/1.9.1/gems/actionpack-3.2.11/lib/action_dispatch/middleware/templates/rescues/_request_and_response.erb (1.0ms)
  Rendered C:/Ruby193/lib/ruby/gems/1.9.1/gems/actionpack-3.2.11/lib/action_dispatch/middleware/templates/rescues/template_error.erb within rescues/layout (171.4ms)


Started GET "/publications" for 127.0.0.1 at 2013-01-28 01:33:24 +0100
Connecting to database specified by database.yml
Processing by PublicationsController#index as HTML
  [1m[36mPublication Load (0.0ms)[0m  [1mSELECT "publications".* FROM "publications" [0m
  Rendered publications/index.html.erb within layouts/application (23.0ms)
Completed 500 Internal Server Error in 786ms

ActionView::Template::Error (
  (in D:/work/failblog/app/assets/javascripts/publications.js.coffee)):
    3: <head>
    4:   <title>Failblog</title>
    5:   <%= stylesheet_link_tag    "application", :media => "all" %>
    6:   <%= javascript_include_tag "application" %>
    7:   <%= csrf_meta_tags %>
    8: </head>
    9: <body>
  app/views/layouts/application.html.erb:6:in `_app_views_layouts_application_html_erb__522491297_37011108'
  app/controllers/publications_controller.rb:7:in `index'


  Rendered C:/Ruby193/lib/ruby/gems/1.9.1/gems/actionpack-3.2.11/lib/action_dispatch/middleware/templates/rescues/_trace.erb (2.0ms)
  Rendered C:/Ruby193/lib/ruby/gems/1.9.1/gems/actionpack-3.2.11/lib/action_dispatch/middleware/templates/rescues/_request_and_response.erb (4.0ms)
  Rendered C:/Ruby193/lib/ruby/gems/1.9.1/gems/actionpack-3.2.11/lib/action_dispatch/middleware/templates/rescues/template_error.erb within rescues/layout (47.0ms)


Started GET "/publications" for 127.0.0.1 at 2013-01-28 01:35:16 +0100
Processing by PublicationsController#index as HTML
  [1m[35mPublication Load (0.0ms)[0m  SELECT "publications".* FROM "publications" 
  Rendered publications/index.html.erb within layouts/application (0.0ms)
Compiled application.js  (83ms)  (pid 3472)
Completed 200 OK in 182ms (Views: 180.0ms | ActiveRecord: 0.0ms)


Started GET "/assets/publications.css?body=1" for 127.0.0.1 at 2013-01-28 01:35:17 +0100
Served asset /publications.css - 200 OK (10ms)


Started GET "/assets/application.css?body=1" for 127.0.0.1 at 2013-01-28 01:35:17 +0100
Served asset /application.css - 200 OK (33ms)


Started GET "/assets/scaffolds.css?body=1" for 127.0.0.1 at 2013-01-28 01:35:17 +0100
Served asset /scaffolds.css - 200 OK (1ms)


Started GET "/assets/jquery.js?body=1" for 127.0.0.1 at 2013-01-28 01:35:17 +0100
Served asset /jquery.js - 200 OK (84ms)


Started GET "/assets/application.js?body=1" for 127.0.0.1 at 2013-01-28 01:35:17 +0100
Served asset /application.js - 200 OK (111ms)


Started GET "/assets/jquery_ujs.js?body=1" for 127.0.0.1 at 2013-01-28 01:35:17 +0100
Served asset /jquery_ujs.js - 200 OK (4ms)
